# JRE version: OpenJDK Runtime Environment (8.0_152-b01) (build 1.8.0_152-release-1343-b01)
# Java VM: OpenJDK 64-Bit Server VM (25.152-b01 mixed mode windows-amd64 compressed oops)
Heap:
 PSYoungGen      total 306688K, used 234653K [0x00000000e0000000, 0x00000000f4c80000, 0x0000000100000000)
  eden space 278016K, 75% used [0x00000000e0000000,0x00000000ecd2c150,0x00000000f0f80000)
  from space 28672K, 85% used [0x00000000f2d80000,0x00000000f457b3c8,0x00000000f4980000)
  to   space 30720K, 0% used [0x00000000f0f80000,0x00000000f0f80000,0x00000000f2d80000)
 ParOldGen       total 223744K, used 69604K [0x00000000a0000000, 0x00000000ada80000, 0x00000000e0000000)
  object space 223744K, 31% used [0x00000000a0000000,0x00000000a43f9230,0x00000000ada80000)
 Metaspace       used 105421K, capacity 111978K, committed 112040K, reserved 1146880K
  class space    used 13103K, capacity 14197K, committed 14248K, reserved 1048576K
GC Heap History (10 events):
Event: 4885.697 GC heap before
{Heap before GC invocations=50 (full 4):
 PSYoungGen      total 294400K, used 294392K [0x00000000e0000000, 0x00000000f4880000, 0x0000000100000000)
  eden space 266240K, 100% used [0x00000000e0000000,0x00000000f0400000,0x00000000f0400000)
  from space 28160K, 99% used [0x00000000f0400000,0x00000000f1f7e028,0x00000000f1f80000)
  to   space 32768K, 0% used [0x00000000f2880000,0x00000000f2880000,0x00000000f4880000)
 ParOldGen       total 223744K, used 67599K [0x00000000a0000000, 0x00000000ada80000, 0x00000000e0000000)
  object space 223744K, 30% used [0x00000000a0000000,0x00000000a4203c90,0x00000000ada80000)
 Metaspace       used 103134K, capacity 107968K, committed 108200K, reserved 1144832K
  class space    used 12797K, capacity 13645K, committed 13736K, reserved 1048576K
Event: 4885.730 GC heap after
Heap after GC invocations=50 (full 4):
 PSYoungGen      total 304640K, used 12931K [0x00000000e0000000, 0x00000000f4880000, 0x0000000100000000)
  eden space 271872K, 0% used [0x00000000e0000000,0x00000000e0000000,0x00000000f0980000)
  from space 32768K, 39% used [0x00000000f2880000,0x00000000f3520d48,0x00000000f4880000)
  to   space 31744K, 0% used [0x00000000f0980000,0x00000000f0980000,0x00000000f2880000)
 ParOldGen       total 223744K, used 69572K [0x00000000a0000000, 0x00000000ada80000, 0x00000000e0000000)
  object space 223744K, 31% used [0x00000000a0000000,0x00000000a43f1230,0x00000000ada80000)
 Metaspace       used 103134K, capacity 107968K, committed 108200K, reserved 1144832K
  class space    used 12797K, capacity 13645K, committed 13736K, reserved 1048576K
}
Event: 5241.389 GC heap before
{Heap before GC invocations=51 (full 4):
 PSYoungGen      total 304640K, used 284803K [0x00000000e0000000, 0x00000000f4880000, 0x0000000100000000)
  eden space 271872K, 100% used [0x00000000e0000000,0x00000000f0980000,0x00000000f0980000)
  from space 32768K, 39% used [0x00000000f2880000,0x00000000f3520d48,0x00000000f4880000)
  to   space 31744K, 0% used [0x00000000f0980000,0x00000000f0980000,0x00000000f2880000)
 ParOldGen       total 223744K, used 69572K [0x00000000a0000000, 0x00000000ada80000, 0x00000000e0000000)
  object space 223744K, 31% used [0x00000000a0000000,0x00000000a43f1230,0x00000000ada80000)
 Metaspace       used 103375K, capacity 108300K, committed 108456K, reserved 1144832K
  class space    used 12803K, capacity 13655K, committed 13736K, reserved 1048576K
Event: 5241.434 GC heap after
Heap after GC invocations=51 (full 4):
 PSYoungGen      total 303616K, used 12019K [0x00000000e0000000, 0x00000000f4a80000, 0x0000000100000000)
  eden space 271872K, 0% used [0x00000000e0000000,0x00000000e0000000,0x00000000f0980000)
  from space 31744K, 37% used [0x00000000f0980000,0x00000000f153cce8,0x00000000f2880000)
  to   space 30720K, 0% used [0x00000000f2c80000,0x00000000f2c80000,0x00000000f4a80000)
 ParOldGen       total 223744K, used 69580K [0x00000000a0000000, 0x00000000ada80000, 0x00000000e0000000)
  object space 223744K, 31% used [0x00000000a0000000,0x00000000a43f3230,0x00000000ada80000)
 Metaspace       used 103375K, capacity 108300K, committed 108456K, reserved 1144832K
  class space    used 12803K, capacity 13655K, committed 13736K, reserved 1048576K
}
Event: 5290.771 GC heap before
{Heap before GC invocations=52 (full 4):
 PSYoungGen      total 303616K, used 283891K [0x00000000e0000000, 0x00000000f4a80000, 0x0000000100000000)
  eden space 271872K, 100% used [0x00000000e0000000,0x00000000f0980000,0x00000000f0980000)
  from space 31744K, 37% used [0x00000000f0980000,0x00000000f153cce8,0x00000000f2880000)
  to   space 30720K, 0% used [0x00000000f2c80000,0x00000000f2c80000,0x00000000f4a80000)
 ParOldGen       total 223744K, used 69580K [0x00000000a0000000, 0x00000000ada80000, 0x00000000e0000000)
  object space 223744K, 31% used [0x00000000a0000000,0x00000000a43f3230,0x00000000ada80000)
 Metaspace       used 103595K, capacity 108524K, committed 108712K, reserved 1144832K
  class space    used 12817K, capacity 13679K, committed 13736K, reserved 1048576K
Event: 5290.810 GC heap after
Heap after GC invocations=52 (full 4):
 PSYoungGen      total 304640K, used 17181K [0x00000000e0000000, 0x00000000f4800000, 0x0000000100000000)
  eden space 276480K, 0% used [0x00000000e0000000,0x00000000e0000000,0x00000000f0e00000)
  from space 28160K, 61% used [0x00000000f2c80000,0x00000000f3d47518,0x00000000f4800000)
  to   space 29696K, 0% used [0x00000000f0e00000,0x00000000f0e00000,0x00000000f2b00000)
 ParOldGen       total 223744K, used 69588K [0x00000000a0000000, 0x00000000ada80000, 0x00000000e0000000)
  object space 223744K, 31% used [0x00000000a0000000,0x00000000a43f5230,0x00000000ada80000)
 Metaspace       used 103595K, capacity 108524K, committed 108712K, reserved 1144832K
  class space    used 12817K, capacity 13679K, committed 13736K, reserved 1048576K
}
Event: 5617.419 GC heap before
{Heap before GC invocations=53 (full 4):
 PSYoungGen      total 304640K, used 293661K [0x00000000e0000000, 0x00000000f4800000, 0x0000000100000000)
  eden space 276480K, 100% used [0x00000000e0000000,0x00000000f0e00000,0x00000000f0e00000)
  from space 28160K, 61% used [0x00000000f2c80000,0x00000000f3d47518,0x00000000f4800000)
  to   space 29696K, 0% used [0x00000000f0e00000,0x00000000f0e00000,0x00000000f2b00000)
 ParOldGen       total 223744K, used 69588K [0x00000000a0000000, 0x00000000ada80000, 0x00000000e0000000)
  object space 223744K, 31% used [0x00000000a0000000,0x00000000a43f5230,0x00000000ada80000)
 Metaspace       used 104470K, capacity 110632K, committed 110760K, reserved 1146880K
  class space    used 12981K, capacity 13985K, committed 13992K, reserved 1048576K
Event: 5617.451 GC heap after
Heap after GC invocations=53 (full 4):
 PSYoungGen      total 306176K, used 13325K [0x00000000e0000000, 0x00000000f4980000, 0x0000000100000000)
  eden space 276480K, 0% used [0x00000000e0000000,0x00000000e0000000,0x00000000f0e00000)
  from space 29696K, 44% used [0x00000000f0e00000,0x00000000f1b035c0,0x00000000f2b00000)
  to   space 28672K, 0% used [0x00000000f2d80000,0x00000000f2d80000,0x00000000f4980000)
 ParOldGen       total 223744K, used 69596K [0x00000000a0000000, 0x00000000ada80000, 0x00000000e0000000)
  object space 223744K, 31% used [0x00000000a0000000,0x00000000a43f7230,0x00000000ada80000)
 Metaspace       used 104470K, capacity 110632K, committed 110760K, reserved 1146880K
  class space    used 12981K, capacity 13985K, committed 13992K, reserved 1048576K
}
Event: 12051.984 GC heap before
{Heap before GC invocations=54 (full 4):
 PSYoungGen      total 306176K, used 289384K [0x00000000e0000000, 0x00000000f4980000, 0x0000000100000000)
  eden space 276480K, 99% used [0x00000000e0000000,0x00000000f0d96b90,0x00000000f0e00000)
  from space 29696K, 44% used [0x00000000f0e00000,0x00000000f1b035c0,0x00000000f2b00000)
  to   space 28672K, 0% used [0x00000000f2d80000,0x00000000f2d80000,0x00000000f4980000)
 ParOldGen       total 223744K, used 69596K [0x00000000a0000000, 0x00000000ada80000, 0x00000000e0000000)
  object space 223744K, 31% used [0x00000000a0000000,0x00000000a43f7230,0x00000000ada80000)
 Metaspace       used 105076K, capacity 111526K, committed 111784K, reserved 1146880K
  class space    used 13071K, capacity 14148K, committed 14248K, reserved 1048576K
Event: 12052.049 GC heap after
Heap after GC invocations=54 (full 4):
 PSYoungGen      total 306688K, used 24556K [0x00000000e0000000, 0x00000000f4c80000, 0x0000000100000000)
  eden space 278016K, 0% used [0x00000000e0000000,0x00000000e0000000,0x00000000f0f80000)
  from space 28672K, 85% used [0x00000000f2d80000,0x00000000f457b3c8,0x00000000f4980000)
  to   space 30720K, 0% used [0x00000000f0f80000,0x00000000f0f80000,0x00000000f2d80000)
 ParOldGen       total 223744K, used 69604K [0x00000000a0000000, 0x00000000ada80000, 0x00000000e0000000)
  object space 223744K, 31% used [0x00000000a0000000,0x00000000a43f9230,0x00000000ada80000)
 Metaspace       used 105076K, capacity 111526K, committed 111784K, reserved 1146880K
  class space    used 13071K, capacity 14148K, committed 14248K, reserved 1048576K
}

